<?xml version="1.0" encoding="UTF-8"?>
<!-- Generated by org.testng.reporters.JUnitReportReporter -->
<testsuite skipped="0" hostname="DESKTOP-INC4AG8" name="Matcher.Excel.ExcelTest" tests="1" failures="0" timestamp="2020-09-12T18:15:24 IST" time="0.794" errors="0">
  <testcase name="exceltest" time="0.794" classname="Matcher.Excel.ExcelTest"/>
  <system-out/>
</testsuite> <!-- Matcher.Excel.ExcelTest -->
